[INFO  - 2020-08-26T01:10:09.469Z] GhostDriver - Main - running on port 20619
[INFO  - 2020-08-26T01:10:10.180Z] Session [e30df8f0-e738-11ea-92c6-eb6f4106245f] - page.settings - {"XSSAuditingEnabled":false,"javascriptCanCloseWindows":true,"javascriptCanOpenWindows":true,"javascriptEnabled":true,"loadImages":true,"localToRemoteUrlAccessEnabled":false,"userAgent":"Mozilla/5.0 (Windows NT 6.2; WOW64) AppleWebKit/538.1 (KHTML, like Gecko) PhantomJS/2.1.1 Safari/538.1","webSecurityEnabled":true}
[INFO  - 2020-08-26T01:10:10.180Z] Session [e30df8f0-e738-11ea-92c6-eb6f4106245f] - page.customHeaders:  - {}
[INFO  - 2020-08-26T01:10:10.181Z] Session [e30df8f0-e738-11ea-92c6-eb6f4106245f] - Session.negotiatedCapabilities - {"browserName":"phantomjs","version":"2.1.1","driverName":"ghostdriver","driverVersion":"1.2.0","platform":"windows-10-32bit","javascriptEnabled":true,"takesScreenshot":true,"handlesAlerts":false,"databaseEnabled":false,"locationContextEnabled":false,"applicationCacheEnabled":false,"browserConnectionEnabled":false,"cssSelectorsEnabled":true,"webStorageEnabled":false,"rotatable":false,"acceptSslCerts":false,"nativeEvents":true,"proxy":{"proxyType":"direct"}}
[INFO  - 2020-08-26T01:10:10.181Z] SessionManagerReqHand - _postNewSessionCommand - New Session Created: e30df8f0-e738-11ea-92c6-eb6f4106245f
[ERROR - 2020-08-26T01:10:16.529Z] Session [e30df8f0-e738-11ea-92c6-eb6f4106245f] - page.onError - msg: Error: Syntax error, unrecognized expression: 



[ERROR - 2020-08-26T01:10:16.530Z] Session [e30df8f0-e738-11ea-92c6-eb6f4106245f] - page.onError - stack:
  error (https://images-na.ssl-images-amazon.com/images/I/61-6nKPKyWL.js?AUIClients/AmazonUIjQuery:196)
  filter (https://images-na.ssl-images-amazon.com/images/I/61-6nKPKyWL.js?AUIClients/AmazonUIjQuery:104)
  n (https://images-na.ssl-images-amazon.com/images/I/61-6nKPKyWL.js?AUIClients/AmazonUIjQuery:101)
  n (https://images-na.ssl-images-amazon.com/images/I/61-6nKPKyWL.js?AUIClients/AmazonUIjQuery:123)
  find (https://images-na.ssl-images-amazon.com/images/I/61-6nKPKyWL.js?AUIClients/AmazonUIjQuery:127)
  init (https://images-na.ssl-images-amazon.com/images/I/61-6nKPKyWL.js?AUIClients/AmazonUIjQuery:32)
  b (https://images-na.ssl-images-amazon.com/images/I/61-6nKPKyWL.js?AUIClients/AmazonUIjQuery:30)
  success (https://images-na.ssl-images-amazon.com/images/I/41Awv8x2RSL._RC%7C71SogsqyRnL.js,61qkDhcEyZL.js,41W9ohA0e+L.js,11vrNkbdcvL.js,21qaguVEGfL.js,41g5X89rw2L.js,51wilTzvmEL.js,31rCK6Op2hL.js_.js?AUIClients/NavDesktopUberAsset#desktop:38)
  resolveWith (https://images-na.ssl-images-amazon.com/images/I/61-6nKPKyWL.js?AUIClients/AmazonUIjQuery:47)
  d (https://images-na.ssl-images-amazon.com/images/I/61-6nKPKyWL.js?AUIClients/AmazonUIjQuery:162)
  b (https://images-na.ssl-images-amazon.com/images/I/61-6nKPKyWL.js?AUIClients/AmazonUIjQuery:173)
[INFO  - 2020-08-26T01:15:09.482Z] SessionManagerReqHand - _cleanupWindowlessSessions - Asynchronous Sessions clean-up phase starting NOW
[INFO  - 2020-08-26T01:20:09.493Z] SessionManagerReqHand - _cleanupWindowlessSessions - Asynchronous Sessions clean-up phase starting NOW
[INFO  - 2020-08-26T01:25:09.493Z] SessionManagerReqHand - _cleanupWindowlessSessions - Asynchronous Sessions clean-up phase starting NOW
[INFO  - 2020-08-26T01:30:09.499Z] SessionManagerReqHand - _cleanupWindowlessSessions - Asynchronous Sessions clean-up phase starting NOW
[INFO  - 2020-08-26T01:35:09.499Z] SessionManagerReqHand - _cleanupWindowlessSessions - Asynchronous Sessions clean-up phase starting NOW
[INFO  - 2020-08-26T01:40:09.510Z] SessionManagerReqHand - _cleanupWindowlessSessions - Asynchronous Sessions clean-up phase starting NOW
[INFO  - 2020-08-26T01:45:09.510Z] SessionManagerReqHand - _cleanupWindowlessSessions - Asynchronous Sessions clean-up phase starting NOW
[INFO  - 2020-08-26T01:50:09.515Z] SessionManagerReqHand - _cleanupWindowlessSessions - Asynchronous Sessions clean-up phase starting NOW
[INFO  - 2020-08-26T01:55:09.518Z] SessionManagerReqHand - _cleanupWindowlessSessions - Asynchronous Sessions clean-up phase starting NOW
[INFO  - 2020-08-26T02:00:09.518Z] SessionManagerReqHand - _cleanupWindowlessSessions - Asynchronous Sessions clean-up phase starting NOW
[INFO  - 2020-08-26T02:05:09.518Z] SessionManagerReqHand - _cleanupWindowlessSessions - Asynchronous Sessions clean-up phase starting NOW
[INFO  - 2020-08-26T02:10:09.528Z] SessionManagerReqHand - _cleanupWindowlessSessions - Asynchronous Sessions clean-up phase starting NOW
[INFO  - 2020-08-26T02:15:09.528Z] SessionManagerReqHand - _cleanupWindowlessSessions - Asynchronous Sessions clean-up phase starting NOW
[INFO  - 2020-08-26T02:36:04.645Z] SessionManagerReqHand - _cleanupWindowlessSessions - Asynchronous Sessions clean-up phase starting NOW

  n (https://images-na.ssl-images-amazon.com/images/I/61-6nKPKyWL.js?AUIClients/AmazonUIjQuery:101)
  n (https://images-na.ssl-images-amazon.com/images/I/61-6nKPKyWL.js?AUIClients/AmazonUIjQuery:123)
  find (https://images-na.ssl-images-amazon.com/images/I/61-6nKPKyWL.js?AUIClients/AmazonUIjQuery:127)
  init (https://images-na.ssl-images-amazon.com/images/I/61-6nKPKyWL.js?AUIClients/AmazonUIjQuery:32)
  b (https://images-na.ssl-images-amazon.com/images/I/61-6nKPKyWL.js?AUIClients/AmazonUIjQuery:30)
  success (https://images-na.ssl-images-amazon.com/images/I/41Awv8x2RSL._RC%7C71SogsqyRnL.js,61qkDhcEyZL.js,41W9ohA0e+L.js,11vrNkbdcvL.js,21qaguVEGfL.js,41g5X89rw2L.js,51wilTzvmEL.js,31rCK6Op2hL.js_.js?AUIClients/NavDesktopUberAsset#desktop:38)
  resolveWith (https://images-na.ssl-images-amazon.com/images/I/61-6nKPKyWL.js?AUIClients/AmazonUIjQuery:47)
  d (https://images-na.ssl-images-amazon.com/images/I/61-6nKPKyWL.js?AUIClients/AmazonUIjQuery:162)
  b (https://images-na.ssl-images-amazon.com/images/I/61-6nKPKyWL.js?AUIClients/AmazonUIjQuery:173)
[INFO  - 2020-08-26T01:24:49.704Z] SessionManagerReqHand - _cleanupWindowlessSessions - Asynchronous Sessions clean-up phase starting NOW
[INFO  - 2020-08-26T01:29:49.735Z] SessionManagerReqHand - _cleanupWindowlessSessions - Asynchronous Sessions clean-up phase starting NOW
[INFO  - 2020-08-26T01:34:49.715Z] SessionManagerReqHand - _cleanupWindowlessSessions - Asynchronous Sessions clean-up phase starting NOW
[INFO  - 2020-08-26T01:39:49.716Z] SessionManagerReqHand - _cleanupWindowlessSessions - Asynchronous Sessions clean-up phase starting NOW
[INFO  - 2020-08-26T01:44:49.733Z] SessionManagerReqHand - _cleanupWindowlessSessions - Asynchronous Sessions clean-up phase starting NOW
[INFO  - 2020-08-26T01:49:49.742Z] SessionManagerReqHand - _cleanupWindowlessSessions - Asynchronous Sessions clean-up phase starting NOW
[INFO  - 2020-08-26T01:54:49.742Z] SessionManagerReqHand - _cleanupWindowlessSessions - Asynchronous Sessions clean-up phase starting NOW
[INFO  - 2020-08-26T01:59:49.742Z] SessionManagerReqHand - _cleanupWindowlessSessions - Asynchronous Sessions clean-up phase starting NOW
[INFO  - 2020-08-26T02:04:49.743Z] SessionManagerReqHand - _cleanupWindowlessSessions - Asynchronous Sessions clean-up phase starting NOW
[INFO  - 2020-08-26T02:09:49.743Z] SessionManagerReqHand - _cleanupWindowlessSessions - Asynchronous Sessions clean-up phase starting NOW
[INFO  - 2020-08-26T02:14:49.743Z] SessionManagerReqHand - _cleanupWindowlessSessions - Asynchronous Sessions clean-up phase starting NOW
[INFO  - 2020-08-26T02:36:04.636Z] SessionManagerReqHand - _cleanupWindowlessSessions - Asynchronous Sessions clean-up phase starting NOW
.js?AUIClients/AmazonUIjQuery:196)
  filter (https://images-na.ssl-images-amazon.com/images/I/61-6nKPKyWL.js?AUIClients/AmazonUIjQuery:104)
  n (https://images-na.ssl-images-amazon.com/images/I/61-6nKPKyWL.js?AUIClients/AmazonUIjQuery:101)
  n (https://images-na.ssl-images-amazon.com/images/I/61-6nKPKyWL.js?AUIClients/AmazonUIjQuery:123)
  find (https://images-na.ssl-images-amazon.com/images/I/61-6nKPKyWL.js?AUIClients/AmazonUIjQuery:127)
  init (https://images-na.ssl-images-amazon.com/images/I/61-6nKPKyWL.js?AUIClients/AmazonUIjQuery:32)
  b (https://images-na.ssl-images-amazon.com/images/I/61-6nKPKyWL.js?AUIClients/AmazonUIjQuery:30)
  success (https://images-na.ssl-images-amazon.com/images/I/41Awv8x2RSL._RC%7C71SogsqyRnL.js,61qkDhcEyZL.js,41W9ohA0e+L.js,11vrNkbdcvL.js,21qaguVEGfL.js,41g5X89rw2L.js,51wilTzvmEL.js,31rCK6Op2hL.js_.js?AUIClients/NavDesktopUberAsset#desktop:38)
  resolveWith (https://images-na.ssl-images-amazon.com/images/I/61-6nKPKyWL.js?AUIClients/AmazonUIjQuery:47)
  d (https://images-na.ssl-images-amazon.com/images/I/61-6nKPKyWL.js?AUIClients/AmazonUIjQuery:162)
  b (https://images-na.ssl-images-amazon.com/images/I/61-6nKPKyWL.js?AUIClients/AmazonUIjQuery:173)
[INFO  - 2020-08-26T01:28:42.494Z] SessionManagerReqHand - _cleanupWindowlessSessions - Asynchronous Sessions clean-up phase starting NOW
[INFO  - 2020-08-26T01:33:42.493Z] SessionManagerReqHand - _cleanupWindowlessSessions - Asynchronous Sessions clean-up phase starting NOW
[INFO  - 2020-08-26T01:38:42.502Z] SessionManagerReqHand - _cleanupWindowlessSessions - Asynchronous Sessions clean-up phase starting NOW
[INFO  - 2020-08-26T01:43:42.512Z] SessionManagerReqHand - _cleanupWindowlessSessions - Asynchronous Sessions clean-up phase starting NOW
[INFO  - 2020-08-26T01:48:42.512Z] SessionManagerReqHand - _cleanupWindowlessSessions - Asynchronous Sessions clean-up phase starting NOW
[INFO  - 2020-08-26T01:53:42.527Z] SessionManagerReqHand - _cleanupWindowlessSessions - Asynchronous Sessions clean-up phase starting NOW
[INFO  - 2020-08-26T01:58:42.532Z] SessionManagerReqHand - _cleanupWindowlessSessions - Asynchronous Sessions clean-up phase starting NOW
[INFO  - 2020-08-26T02:03:42.548Z] SessionManagerReqHand - _cleanupWindowlessSessions - Asynchronous Sessions clean-up phase starting NOW
[INFO  - 2020-08-26T02:08:42.551Z] SessionManagerReqHand - _cleanupWindowlessSessions - Asynchronous Sessions clean-up phase starting NOW
[INFO  - 2020-08-26T02:13:42.551Z] SessionManagerReqHand - _cleanupWindowlessSessions - Asynchronous Sessions clean-up phase starting NOW
[INFO  - 2020-08-26T02:18:42.565Z] SessionManagerReqHand - _cleanupWindowlessSessions - Asynchronous Sessions clean-up phase starting NOW
[INFO  - 2020-08-26T02:36:04.628Z] SessionManagerReqHand - _cleanupWindowlessSessions - Asynchronous Sessions clean-up phase starting NOW
e73c-11ea-8d73-610f6c9e0b9c] - page.onError - msg: Error: Syntax error, unrecognized expression: 



[ERROR - 2020-08-26T01:37:37.417Z] Session [b8023d70-e73c-11ea-8d73-610f6c9e0b9c] - page.onError - stack:
  error (https://images-na.ssl-images-amazon.com/images/I/61-6nKPKyWL.js?AUIClients/AmazonUIjQuery:196)
  filter (https://images-na.ssl-images-amazon.com/images/I/61-6nKPKyWL.js?AUIClients/AmazonUIjQuery:104)
  n (https://images-na.ssl-images-amazon.com/images/I/61-6nKPKyWL.js?AUIClients/AmazonUIjQuery:101)
  n (https://images-na.ssl-images-amazon.com/images/I/61-6nKPKyWL.js?AUIClients/AmazonUIjQuery:123)
  find (https://images-na.ssl-images-amazon.com/images/I/61-6nKPKyWL.js?AUIClients/AmazonUIjQuery:127)
  init (https://images-na.ssl-images-amazon.com/images/I/61-6nKPKyWL.js?AUIClients/AmazonUIjQuery:32)
  b (https://images-na.ssl-images-amazon.com/images/I/61-6nKPKyWL.js?AUIClients/AmazonUIjQuery:30)
  success (https://images-na.ssl-images-amazon.com/images/I/41Awv8x2RSL._RC%7C71SogsqyRnL.js,61qkDhcEyZL.js,41W9ohA0e+L.js,11vrNkbdcvL.js,21qaguVEGfL.js,41g5X89rw2L.js,51wilTzvmEL.js,31rCK6Op2hL.js_.js?AUIClients/NavDesktopUberAsset#desktop:38)
  resolveWith (https://images-na.ssl-images-amazon.com/images/I/61-6nKPKyWL.js?AUIClients/AmazonUIjQuery:47)
  d (https://images-na.ssl-images-amazon.com/images/I/61-6nKPKyWL.js?AUIClients/AmazonUIjQuery:162)
  b (https://images-na.ssl-images-amazon.com/images/I/61-6nKPKyWL.js?AUIClients/AmazonUIjQuery:173)
[INFO  - 2020-08-26T01:42:35.642Z] SessionManagerReqHand - _cleanupWindowlessSessions - Asynchronous Sessions clean-up phase starting NOW
[INFO  - 2020-08-26T01:47:35.642Z] SessionManagerReqHand - _cleanupWindowlessSessions - Asynchronous Sessions clean-up phase starting NOW
[INFO  - 2020-08-26T01:52:35.648Z] SessionManagerReqHand - _cleanupWindowlessSessions - Asynchronous Sessions clean-up phase starting NOW
[INFO  - 2020-08-26T01:57:35.649Z] SessionManagerReqHand - _cleanupWindowlessSessions - Asynchronous Sessions clean-up phase starting NOW
[INFO  - 2020-08-26T02:02:35.649Z] SessionManagerReqHand - _cleanupWindowlessSessions - Asynchronous Sessions clean-up phase starting NOW
[INFO  - 2020-08-26T02:07:35.653Z] SessionManagerReqHand - _cleanupWindowlessSessions - Asynchronous Sessions clean-up phase starting NOW
[INFO  - 2020-08-26T02:12:35.653Z] SessionManagerReqHand - _cleanupWindowlessSessions - Asynchronous Sessions clean-up phase starting NOW
[INFO  - 2020-08-26T02:17:35.653Z] SessionManagerReqHand - _cleanupWindowlessSessions - Asynchronous Sessions clean-up phase starting NOW
[INFO  - 2020-08-26T02:36:03.528Z] SessionManagerReqHand - _cleanupWindowlessSessions - Asynchronous Sessions clean-up phase starting NOW
- _postNewSessionCommand - New Session Created: ebf2bfb0-e73c-11ea-8fcf-f978d1b6eb30
[ERROR - 2020-08-26T01:39:05.470Z] Session [ebf2bfb0-e73c-11ea-8fcf-f978d1b6eb30] - page.onError - msg: Error: Syntax error, unrecognized expression: 



[ERROR - 2020-08-26T01:39:05.471Z] Session [ebf2bfb0-e73c-11ea-8fcf-f978d1b6eb30] - page.onError - stack:
  error (https://images-na.ssl-images-amazon.com/images/I/61-6nKPKyWL.js?AUIClients/AmazonUIjQuery:196)
  filter (https://images-na.ssl-images-amazon.com/images/I/61-6nKPKyWL.js?AUIClients/AmazonUIjQuery:104)
  n (https://images-na.ssl-images-amazon.com/images/I/61-6nKPKyWL.js?AUIClients/AmazonUIjQuery:101)
  n (https://images-na.ssl-images-amazon.com/images/I/61-6nKPKyWL.js?AUIClients/AmazonUIjQuery:123)
  find (https://images-na.ssl-images-amazon.com/images/I/61-6nKPKyWL.js?AUIClients/AmazonUIjQuery:127)
  init (https://images-na.ssl-images-amazon.com/images/I/61-6nKPKyWL.js?AUIClients/AmazonUIjQuery:32)
  b (https://images-na.ssl-images-amazon.com/images/I/61-6nKPKyWL.js?AUIClients/AmazonUIjQuery:30)
  success (https://images-na.ssl-images-amazon.com/images/I/41Awv8x2RSL._RC%7C71SogsqyRnL.js,61qkDhcEyZL.js,41W9ohA0e+L.js,11vrNkbdcvL.js,21qaguVEGfL.js,41g5X89rw2L.js,51wilTzvmEL.js,31rCK6Op2hL.js_.js?AUIClients/NavDesktopUberAsset#desktop:38)
  resolveWith (https://images-na.ssl-images-amazon.com/images/I/61-6nKPKyWL.js?AUIClients/AmazonUIjQuery:47)
  d (https://images-na.ssl-images-amazon.com/images/I/61-6nKPKyWL.js?AUIClients/AmazonUIjQuery:162)
  b (https://images-na.ssl-images-amazon.com/images/I/61-6nKPKyWL.js?AUIClients/AmazonUIjQuery:173)
[ERROR - 2020-08-26T01:39:07.425Z] Session [ebf2bfb0-e73c-11ea-8fcf-f978d1b6eb30] - page.onError - msg: Error: Syntax error, unrecognized expression: 



[ERROR - 2020-08-26T01:39:07.426Z] Session [ebf2bfb0-e73c-11ea-8fcf-f978d1b6eb30] - page.onError - stack:
  error (https://images-na.ssl-images-amazon.com/images/I/61-6nKPKyWL.js?AUIClients/AmazonUIjQuery:196)
  filter (https://images-na.ssl-images-amazon.com/images/I/61-6nKPKyWL.js?AUIClients/AmazonUIjQuery:104)
  n (https://images-na.ssl-images-amazon.com/images/I/61-6nKPKyWL.js?AUIClients/AmazonUIjQuery:101)
  n (https://images-na.ssl-images-amazon.com/images/I/61-6nKPKyWL.js?AUIClients/AmazonUIjQuery:123)
  find (https://images-na.ssl-images-amazon.com/images/I/61-6nKPKyWL.js?AUIClients/AmazonUIjQuery:127)
  init (https://images-na.ssl-images-amazon.com/images/I/61-6nKPKyWL.js?AUIClients/AmazonUIjQuery:32)
  b (https://images-na.ssl-images-amazon.com/images/I/61-6nKPKyWL.js?AUIClients/AmazonUIjQuery:30)
  success (https://images-na.ssl-images-amazon.com/images/I/41Awv8x2RSL._RC%7C71SogsqyRnL.js,61qkDhcEyZL.js,41W9ohA0e+L.js,11vrNkbdcvL.js,21qaguVEGfL.js,41g5X89rw2L.js,51wilTzvmEL.js,31rCK6Op2hL.js_.js?AUIClients/NavDesktopUberAsset#desktop:38)
  resolveWith (https://images-na.ssl-images-amazon.com/images/I/61-6nKPKyWL.js?AUIClients/AmazonUIjQuery:47)
  d (https://images-na.ssl-images-amazon.com/images/I/61-6nKPKyWL.js?AUIClients/AmazonUIjQuery:162)
  b (https://images-na.ssl-images-amazon.com/images/I/61-6nKPKyWL.js?AUIClients/AmazonUIjQuery:173)
[ERROR - 2020-08-26T01:39:07.426Z] Session [ebf2bfb0-e73c-11ea-8fcf-f978d1b6eb30] - page.onError - msg: ReferenceError: Can't find variable: ue
[ERROR - 2020-08-26T01:39:07.426Z] Session [ebf2bfb0-e73c-11ea-8fcf-f978d1b6eb30] - page.onError - stack:
  onerror (https://www.amazon.com/selenium/s?k=selenium:83)
[INFO  - 2020-08-26T01:44:02.407Z] SessionManagerReqHand - _cleanupWindowlessSessions - Asynchronous Sessions clean-up phase starting NOW
[INFO  - 2020-08-26T01:49:02.407Z] SessionManagerReqHand - _cleanupWindowlessSessions - Asynchronous Sessions clean-up phase starting NOW
[INFO  - 2020-08-26T01:54:02.408Z] SessionManagerReqHand - _cleanupWindowlessSessions - Asynchronous Sessions clean-up phase starting NOW
[INFO  - 2020-08-26T01:59:02.410Z] SessionManagerReqHand - _cleanupWindowlessSessions - Asynchronous Sessions clean-up phase starting NOW
[INFO  - 2020-08-26T02:04:02.417Z] SessionManagerReqHand - _cleanupWindowlessSessions - Asynchronous Sessions clean-up phase starting NOW
[INFO  - 2020-08-26T02:09:02.420Z] SessionManagerReqHand - _cleanupWindowlessSessions - Asynchronous Sessions clean-up phase starting NOW
[INFO  - 2020-08-26T02:14:02.424Z] SessionManagerReqHand - _cleanupWindowlessSessions - Asynchronous Sessions clean-up phase starting NOW
[INFO  - 2020-08-26T02:19:02.426Z] SessionManagerReqHand - _cleanupWindowlessSessions - Asynchronous Sessions clean-up phase starting NOW
[INFO  - 2020-08-26T02:36:04.627Z] SessionManagerReqHand - _cleanupWindowlessSessions - Asynchronous Sessions clean-up phase starting NOW
